<?xml version="1.0" encoding="utf-8"?><testsuites><testsuite errors="0" failures="1" hostname="hanwenlu" name="pytest" skipped="0" tests="2" time="17.377" timestamp="2019-12-18T16:52:05.054589"><testcase classname="test_dir.test_baidu.TestSearch" file="test_dir\test_baidu.py" line="26" name="test_baidu_search_case" time="10.905"><failure message="AssertionError: assert &apos;pytest_百度搜索&apos; == &apos;pytest_百2度搜索&apos;
  - pytest_百度搜索
  + pytest_百2度搜索
  ?         +">self = &lt;test_dir.test_baidu.TestSearch object at 0x000001FF7E73D748&gt;, browser = &lt;selenium.webdriver.chrome.webdriver.WebDriver (session=&quot;a9792cf0b40a772d81a990baf3b6aeb9&quot;)&gt;, base_url = &apos;https://www.baidu.com&apos;

    def test_baidu_search_case(self, browser, base_url):
        &quot;&quot;&quot;
        名称：百度搜索&quot;pytest&quot;
        步骤：
        1、打开浏览器
        2、输入&quot;pytest&quot;关键字
        3、点击搜索按钮
        检查点：
        * 检查页面标题是否包含关键字。
        &quot;&quot;&quot;
        page = BaiduPage(browser)
        page.get(base_url)
        page.search_input = &quot;pytest&quot;
        page.search_button.click()
        sleep(2)
&gt;       assert browser.title == &quot;pytest_百2度搜索&quot;
E       AssertionError: assert &apos;pytest_百度搜索&apos; == &apos;pytest_百2度搜索&apos;
E         - pytest_百度搜索
E         + pytest_百2度搜索
E         ?         +

test_dir\test_baidu.py:42: AssertionError</failure></testcase><testcase classname="test_dir.test_baidu.TestSearchSettings" file="test_dir\test_baidu.py" line="47" name="test_baidu_search_setting" time="5.436"></testcase></testsuite></testsuites>