<?xml version="1.0" encoding="utf-8"?><testsuite errors="0" failures="1" name="pytest" skips="0" tests="5" time="24.911"><testcase classname="test_dir.test_baidu.TestSearch" file="test_dir/test_baidu.py" line="11" name="test_baidu_search_case" time="12.242351293563843"><failure message="AssertionError: assert &apos;pytest_百度搜索&apos; == &apos;pytest_百度搜索222&apos;
  - pytest_百度搜索
  + pytest_百度搜索222
  ?            +++">self = &lt;test_dir.test_baidu.TestSearch object at 0x106f9f160&gt;
browser = &lt;selenium.webdriver.chrome.webdriver.WebDriver (session=&quot;6c6dbcb178c61f65ab37831826682f88&quot;)&gt;
base_url = &apos;https://www.baidu.com&apos;

    def test_baidu_search_case(self, browser, base_url):
        &quot;&quot;&quot; 百度搜索：pytest &quot;&quot;&quot;
        page = BaiduPage(browser)
        page.get(base_url)
        page.search_input.send_keys(&quot;pytest&quot;)
        page.search_button.click()
        sleep(2)
&gt;       assert browser.title == &quot;pytest_百度搜索222&quot;
E       AssertionError: assert &apos;pytest_百度搜索&apos; == &apos;pytest_百度搜索222&apos;
E         - pytest_百度搜索
E         + pytest_百度搜索222
E         ?            +++

test_dir/test_baidu.py:19: AssertionError</failure></testcase><testcase classname="test_dir.test_baidu.TestSearch" file="test_dir/test_baidu.py" line="20" name="test_baidu_search[case1]" time="2.3430662155151367"></testcase><testcase classname="test_dir.test_baidu.TestSearch" file="test_dir/test_baidu.py" line="20" name="test_baidu_search[case2]" time="2.3679890632629395"></testcase><testcase classname="test_dir.test_baidu.TestSearch" file="test_dir/test_baidu.py" line="20" name="test_baidu_search[case3]" time="2.339900255203247"></testcase><testcase classname="test_dir.test_baidu.TestSearchSettings" file="test_dir/test_baidu.py" line="41" name="test_baidu_search_setting" time="2.8236749172210693"></testcase></testsuite>